<?xml version="1.0" encoding="UTF-8" ?>
<testsuite tests="3" failures="3" name="TestSuite" time="0.609" errors="0" skipped="0">
  <properties>
    <property name="java.runtime.name" value="Java(TM) SE Runtime Environment"/>
    <property name="sun.boot.library.path" value="C:\Program Files\Java\jre1.8.0_60\bin"/>
    <property name="java.vm.version" value="25.60-b23"/>
    <property name="java.vm.vendor" value="Oracle Corporation"/>
    <property name="java.vendor.url" value="http://java.oracle.com/"/>
    <property name="path.separator" value=";"/>
    <property name="guice.disable.misplaced.annotation.check" value="true"/>
    <property name="java.vm.name" value="Java HotSpot(TM) 64-Bit Server VM"/>
    <property name="file.encoding.pkg" value="sun.io"/>
    <property name="user.script" value=""/>
    <property name="user.country" value="US"/>
    <property name="sun.java.launcher" value="SUN_STANDARD"/>
    <property name="sun.os.patch.level" value=""/>
    <property name="java.vm.specification.name" value="Java Virtual Machine Specification"/>
    <property name="user.dir" value="D:\MS\Uni\CSU_LA\CS\CS 520\gapp"/>
    <property name="java.runtime.version" value="1.8.0_60-b27"/>
    <property name="java.awt.graphicsenv" value="sun.awt.Win32GraphicsEnvironment"/>
    <property name="java.endorsed.dirs" value="C:\Program Files\Java\jre1.8.0_60\lib\endorsed"/>
    <property name="os.arch" value="amd64"/>
    <property name="java.io.tmpdir" value="C:\Users\Akhil\AppData\Local\Temp\"/>
    <property name="line.separator" value="
"/>
    <property name="java.vm.specification.vendor" value="Oracle Corporation"/>
    <property name="user.variant" value=""/>
    <property name="os.name" value="Windows 10"/>
    <property name="classworlds.conf" value="D:\MS\Uni\CSU_LA\CS\CS 520\.metadata\.plugins\org.eclipse.m2e.launching\launches\m2conf5304200700175454608.tmp"/>
    <property name="sun.jnu.encoding" value="Cp1252"/>
    <property name="java.library.path" value="C:\Program Files\Java\jre1.8.0_60\bin;C:\WINDOWS\Sun\Java\bin;C:\WINDOWS\system32;C:\WINDOWS;C:/Program Files/Java/jre1.8.0_60/bin/server;C:/Program Files/Java/jre1.8.0_60/bin;C:/Program Files/Java/jre1.8.0_60/lib/amd64;C:\ProgramData\Oracle\Java\javapath;C:\WINDOWS\system32;C:\WINDOWS;C:\WINDOWS\System32\Wbem;C:\WINDOWS\System32\WindowsPowerShell\v1.0\;C:\Program Files (x86)\MySQL\MySQL Fabric 1.5 &amp; MySQL Utilities 1.5\;C:\Program Files (x86)\MySQL\MySQL Fabric 1.5 &amp; MySQL Utilities 1.5\Doctrine extensions for PHP\;C:\Program Files (x86)\Skype\Phone\;D:\Softwares\gradle-2.10-all\gradle-2.10\bin;C:\Program Files (x86)\Windows Kits\8.1\Windows Performance Toolkit\;C:\Program Files\Microsoft SQL Server\110\Tools\Binn\;C:\Program Files (x86)\Microsoft SDKs\TypeScript\1.0\;D:\Softwares\eclipse;;."/>
    <property name="java.specification.name" value="Java Platform API Specification"/>
    <property name="java.class.version" value="52.0"/>
    <property name="sun.management.compiler" value="HotSpot 64-Bit Tiered Compilers"/>
    <property name="os.version" value="10.0"/>
    <property name="user.home" value="C:\Users\Akhil"/>
    <property name="user.timezone" value="America/Los_Angeles"/>
    <property name="java.awt.printerjob" value="sun.awt.windows.WPrinterJob"/>
    <property name="java.specification.version" value="1.8"/>
    <property name="file.encoding" value="Cp1252"/>
    <property name="user.name" value="Akhil"/>
    <property name="java.class.path" value="/D:/Softwares/eclipse/plugins/org.eclipse.m2e.maven.runtime_1.5.1.20150109-1819/jars/plexus-classworlds-2.5.1.jar"/>
    <property name="org.slf4j.simpleLogger.defaultLogLevel" value="info"/>
    <property name="java.vm.specification.version" value="1.8"/>
    <property name="sun.arch.data.model" value="64"/>
    <property name="java.home" value="C:\Program Files\Java\jre1.8.0_60"/>
    <property name="sun.java.command" value="org.codehaus.plexus.classworlds.launcher.Launcher -B package"/>
    <property name="java.specification.vendor" value="Oracle Corporation"/>
    <property name="user.language" value="en"/>
    <property name="awt.toolkit" value="sun.awt.windows.WToolkit"/>
    <property name="java.vm.info" value="mixed mode"/>
    <property name="java.version" value="1.8.0_60"/>
    <property name="java.ext.dirs" value="C:\Program Files\Java\jre1.8.0_60\lib\ext;C:\WINDOWS\Sun\Java\lib\ext"/>
    <property name="sun.boot.class.path" value="C:\Program Files\Java\jre1.8.0_60\lib\resources.jar;C:\Program Files\Java\jre1.8.0_60\lib\rt.jar;C:\Program Files\Java\jre1.8.0_60\lib\sunrsasign.jar;C:\Program Files\Java\jre1.8.0_60\lib\jsse.jar;C:\Program Files\Java\jre1.8.0_60\lib\jce.jar;C:\Program Files\Java\jre1.8.0_60\lib\charsets.jar;C:\Program Files\Java\jre1.8.0_60\lib\jfr.jar;C:\Program Files\Java\jre1.8.0_60\classes"/>
    <property name="java.vendor" value="Oracle Corporation"/>
    <property name="maven.home" value="D:\MS\Uni\CSU_LA\CS\CS 520\gapp\EMBEDDED"/>
    <property name="file.separator" value="\"/>
    <property name="java.vendor.url.bug" value="http://bugreport.sun.com/bugreport/"/>
    <property name="sun.cpu.endian" value="little"/>
    <property name="sun.io.unicode.encoding" value="UnicodeLittle"/>
    <property name="sun.desktop" value="windows"/>
    <property name="sun.cpu.isalist" value="amd64"/>
  </properties>
  <testcase classname="gapp.model.dao.GappAccountingDaoTest" name="getGappAccounting" time="0.462">
    <failure type="java.lang.AssertionError">java.lang.AssertionError
	at gapp.model.dao.GappAccountingDaoTest.getGappAccounting(GappAccountingDaoTest.java:18)
</failure>
    <system-out>Configuring TestNG with: org.apache.maven.surefire.testng.conf.TestNG652Configurator@1055e4af
</system-out>
    <system-err>Feb 15, 2016 12:51:45 PM org.springframework.test.context.support.DefaultTestContextBootstrapper getTestExecutionListeners
INFO: Using TestExecutionListeners: [org.springframework.test.context.web.ServletTestExecutionListener@7b49cea0, org.springframework.test.context.support.DependencyInjectionTestExecutionListener@887af79, org.springframework.test.context.support.DirtiesContextTestExecutionListener@7fac631b, org.springframework.test.context.transaction.TransactionalTestExecutionListener@5b87ed94, org.springframework.test.context.jdbc.SqlScriptsTestExecutionListener@6e0e048a]
Feb 15, 2016 12:51:45 PM org.springframework.test.context.support.DefaultTestContextBootstrapper getTestExecutionListeners
INFO: Using TestExecutionListeners: [org.springframework.test.context.web.ServletTestExecutionListener@627551fb, org.springframework.test.context.support.DependencyInjectionTestExecutionListener@2b552920, org.springframework.test.context.support.DirtiesContextTestExecutionListener@2758fe70, org.springframework.test.context.transaction.TransactionalTestExecutionListener@1f36e637, org.springframework.test.context.jdbc.SqlScriptsTestExecutionListener@578486a3]
Feb 15, 2016 12:51:45 PM org.springframework.test.context.support.DefaultTestContextBootstrapper getTestExecutionListeners
INFO: Using TestExecutionListeners: [org.springframework.test.context.web.ServletTestExecutionListener@35d176f7, org.springframework.test.context.support.DependencyInjectionTestExecutionListener@1dfe2924, org.springframework.test.context.support.DirtiesContextTestExecutionListener@6ebc05a6, org.springframework.test.context.transaction.TransactionalTestExecutionListener@6e6c3152, org.springframework.test.context.jdbc.SqlScriptsTestExecutionListener@50b494a6]
Feb 15, 2016 12:51:45 PM org.springframework.beans.factory.xml.XmlBeanDefinitionReader loadBeanDefinitions
INFO: Loading XML bean definitions from class path resource [applicationContext.xml]
Feb 15, 2016 12:51:46 PM org.springframework.context.support.GenericApplicationContext prepareRefresh
INFO: Refreshing org.springframework.context.support.GenericApplicationContext@6950e31: startup date [Mon Feb 15 12:51:46 PST 2016]; root of context hierarchy
Feb 15, 2016 12:51:47 PM org.springframework.orm.jpa.LocalContainerEntityManagerFactoryBean createNativeEntityManagerFactory
INFO: Building JPA container EntityManagerFactory for persistence unit &apos;gapp&apos;
Feb 15, 2016 12:51:48 PM org.hibernate.annotations.common.Version &lt;clinit&gt;
INFO: HCANN000001: Hibernate Commons Annotations {4.0.2.Final}
Feb 15, 2016 12:51:48 PM org.hibernate.Version logVersion
INFO: HHH000412: Hibernate Core {4.2.21.Final}
Feb 15, 2016 12:51:48 PM org.hibernate.cfg.Environment &lt;clinit&gt;
INFO: HHH000206: hibernate.properties not found
Feb 15, 2016 12:51:48 PM org.hibernate.cfg.Environment buildBytecodeProvider
INFO: HHH000021: Bytecode provider name : javassist
Feb 15, 2016 12:51:48 PM org.hibernate.ejb.Ejb3Configuration configure
INFO: HHH000204: Processing PersistenceUnitInfo [
	name: gapp
	...]
Feb 15, 2016 12:51:48 PM org.hibernate.service.jdbc.connections.internal.ConnectionProviderInitiator instantiateExplicitConnectionProvider
INFO: HHH000130: Instantiating explicit connection provider: org.hibernate.ejb.connection.InjectedDataSourceConnectionProvider
Feb 15, 2016 12:51:49 PM org.hibernate.dialect.Dialect &lt;init&gt;
INFO: HHH000400: Using dialect: org.hibernate.dialect.PostgreSQLDialect
Feb 15, 2016 12:51:49 PM org.hibernate.engine.jdbc.internal.LobCreatorBuilder useContextualLobCreation
INFO: HHH000424: Disabling contextual LOB creation as createClob() method threw error : java.lang.reflect.InvocationTargetException
Feb 15, 2016 12:51:50 PM org.hibernate.engine.transaction.internal.TransactionFactoryInitiator initiateService
INFO: HHH000268: Transaction strategy: org.hibernate.engine.transaction.internal.jdbc.JdbcTransactionFactory
Feb 15, 2016 12:51:50 PM org.hibernate.hql.internal.ast.ASTQueryTranslatorFactory &lt;init&gt;
INFO: HHH000397: Using ASTQueryTranslatorFactory
Feb 15, 2016 12:51:51 PM org.springframework.test.context.transaction.TransactionContext startTransaction
INFO: Began transaction (1) for test context [DefaultTestContext@24e8de5c testClass = GappAccountingDaoTest, testInstance = gapp.model.dao.GappAccountingDaoTest@15d0c81b, testMethod = getGappAccounting@GappAccountingDaoTest, testException = [null], mergedContextConfiguration = [MergedContextConfiguration@64040287 testClass = GappAccountingDaoTest, locations = &apos;{classpath:applicationContext.xml}&apos;, classes = &apos;{}&apos;, contextInitializerClasses = &apos;[]&apos;, activeProfiles = &apos;{}&apos;, propertySourceLocations = &apos;{}&apos;, propertySourceProperties = &apos;{}&apos;, contextLoader = &apos;org.springframework.test.context.support.DelegatingSmartContextLoader&apos;, parent = [null]]]; transaction manager [org.springframework.orm.jpa.JpaTransactionManager@110844f6]; rollback [true]
</system-err>
  </testcase>
  <testcase classname="gapp.model.dao.GappApplicationDaoTest" name="getGappApplication" time="0.018">
    <failure type="java.lang.AssertionError">java.lang.AssertionError
	at gapp.model.dao.GappApplicationDaoTest.getGappApplication(GappApplicationDaoTest.java:19)
</failure>
    <system-err>Feb 15, 2016 12:51:51 PM org.springframework.test.context.transaction.TransactionContext endTransaction
INFO: Rolled back transaction for test context [DefaultTestContext@24e8de5c testClass = GappAccountingDaoTest, testInstance = gapp.model.dao.GappAccountingDaoTest@15d0c81b, testMethod = getGappAccounting@GappAccountingDaoTest, testException = java.lang.AssertionError, mergedContextConfiguration = [MergedContextConfiguration@64040287 testClass = GappAccountingDaoTest, locations = &apos;{classpath:applicationContext.xml}&apos;, classes = &apos;{}&apos;, contextInitializerClasses = &apos;[]&apos;, activeProfiles = &apos;{}&apos;, propertySourceLocations = &apos;{}&apos;, propertySourceProperties = &apos;{}&apos;, contextLoader = &apos;org.springframework.test.context.support.DelegatingSmartContextLoader&apos;, parent = [null]]].
Feb 15, 2016 12:51:51 PM org.springframework.test.context.transaction.TransactionContext startTransaction
INFO: Began transaction (1) for test context [DefaultTestContext@34b9fc7d testClass = GappApplicationDaoTest, testInstance = gapp.model.dao.GappApplicationDaoTest@1f7030a6, testMethod = getGappApplication@GappApplicationDaoTest, testException = [null], mergedContextConfiguration = [MergedContextConfiguration@27f1bbe0 testClass = GappApplicationDaoTest, locations = &apos;{classpath:applicationContext.xml}&apos;, classes = &apos;{}&apos;, contextInitializerClasses = &apos;[]&apos;, activeProfiles = &apos;{}&apos;, propertySourceLocations = &apos;{}&apos;, propertySourceProperties = &apos;{}&apos;, contextLoader = &apos;org.springframework.test.context.support.DelegatingSmartContextLoader&apos;, parent = [null]]]; transaction manager [org.springframework.orm.jpa.JpaTransactionManager@110844f6]; rollback [true]
</system-err>
  </testcase>
  <testcase classname="gapp.model.dao.GappDepartmentDaoTest" name="getGappDepartment" time="0.129">
    <failure type="java.lang.AssertionError">java.lang.AssertionError
	at gapp.model.dao.GappDepartmentDaoTest.getGappDepartment(GappDepartmentDaoTest.java:18)
</failure>
    <system-err>Feb 15, 2016 12:51:51 PM org.springframework.test.context.transaction.TransactionContext endTransaction
INFO: Rolled back transaction for test context [DefaultTestContext@34b9fc7d testClass = GappApplicationDaoTest, testInstance = gapp.model.dao.GappApplicationDaoTest@1f7030a6, testMethod = getGappApplication@GappApplicationDaoTest, testException = java.lang.AssertionError, mergedContextConfiguration = [MergedContextConfiguration@27f1bbe0 testClass = GappApplicationDaoTest, locations = &apos;{classpath:applicationContext.xml}&apos;, classes = &apos;{}&apos;, contextInitializerClasses = &apos;[]&apos;, activeProfiles = &apos;{}&apos;, propertySourceLocations = &apos;{}&apos;, propertySourceProperties = &apos;{}&apos;, contextLoader = &apos;org.springframework.test.context.support.DelegatingSmartContextLoader&apos;, parent = [null]]].
Feb 15, 2016 12:51:51 PM org.springframework.test.context.transaction.TransactionContext startTransaction
INFO: Began transaction (1) for test context [DefaultTestContext@4b1abd11 testClass = GappDepartmentDaoTest, testInstance = gapp.model.dao.GappDepartmentDaoTest@4b1c1ea0, testMethod = getGappDepartment@GappDepartmentDaoTest, testException = [null], mergedContextConfiguration = [MergedContextConfiguration@3f36b447 testClass = GappDepartmentDaoTest, locations = &apos;{classpath:applicationContext.xml}&apos;, classes = &apos;{}&apos;, contextInitializerClasses = &apos;[]&apos;, activeProfiles = &apos;{}&apos;, propertySourceLocations = &apos;{}&apos;, propertySourceProperties = &apos;{}&apos;, contextLoader = &apos;org.springframework.test.context.support.DelegatingSmartContextLoader&apos;, parent = [null]]]; transaction manager [org.springframework.orm.jpa.JpaTransactionManager@110844f6]; rollback [true]
</system-err>
  </testcase>
</testsuite>